<?xml version="1.0" encoding="UTF-8"?>
<!-- Generated by org.testng.reporters.JUnitReportReporter -->
<testsuite skipped="0" hostname="WIN-RPGRCNS715V" name="automationFramework.DeltaCom" tests="1" failures="0" timestamp="07 Dec 2017 09:45:42 GMT" time="81.680" errors="0">
  <testcase name="DeltaComTests" time="81.680" classname="automationFramework.DeltaCom"/>
</testsuite> <!-- automationFramework.DeltaCom -->
