<?xml version="1.0" encoding="UTF-8"?>
<!-- Generated by org.testng.reporters.JUnitReportReporter -->
<testsuite skipped="0" hostname="WIN-RPGRCNS715V" name="automationFramework.FtpConnection" tests="1" failures="0" timestamp="07 Dec 2017 09:49:35 GMT" time="0.733" errors="0">
  <testcase name="FtpTests" time="0.733" classname="automationFramework.FtpConnection"/>
</testsuite> <!-- automationFramework.FtpConnection -->
