<?xml version="1.0" encoding="UTF-8"?>
<!-- Generated by org.testng.reporters.JUnitReportReporter -->
<testsuite skipped="0" hostname="WIN-RPGRCNS715V" name="Selenium.AllTests.NewTest" tests="1" failures="0" timestamp="07 Dec 2017 08:50:02 GMT" time="0.002" errors="0">
  <testcase name="f" time="0.002" classname="Selenium.AllTests.NewTest"/>
</testsuite> <!-- Selenium.AllTests.NewTest -->
